Arguments: 
  C:\Program Files\nodejs\node.exe C:\Program Files (x86)\Yarn\bin\yarn.js add body-parser cookie-parser express ejs pugjs morgan

PATH: 
  C:\Users\Ghanshyam\AppData\Local\Programs\Python\Python38\Scripts\;C:\Users\Ghanshyam\AppData\Local\Programs\Python\Python38\;C:\Program Files (x86)\Common Files\Intel\Shared Libraries\redist\intel64\compiler;C:\WINDOWS\system32;C:\WINDOWS;C:\WINDOWS\system32\wbem;C:\WINDOWS\system32\windowspowershell\v1.0\;c:\program files (x86)\intel\icls client\;c:\program files\intel\icls client\;c:\program files (x86)\lenovo\fusionengine;c:\windows\system32;c:\windows;c:\windows\system32\wbem;c:\windows\system32\windowspowershell\v1.0\;c:\program files (x86)\common files\lenovo\easyplussdk\bin;c:\program files (x86)\intel\intel(r) management engine components\dal;c:\program files\intel\intel(r) management engine components\dal;c:\program files (x86)\intel\intel(r) management engine components\ipt;c:\program files\intel\intel(r) management engine components\ipt;c:\program files (x86)\nvidia corporation\physx\common;c:\program files\lenovo\bluetooth software\;c:\program files\lenovo\bluetooth software\syswow64;C:\WINDOWS\system32;C:\WINDOWS;C:\WINDOWS\System32\Wbem;C:\WINDOWS\System32\WindowsPowerShell\v1.0\;C:\WINDOWS\System32\OpenSSH\;C:\MinGW\bin;C:\Program Files\Java\jdk-11.0.4\bin;C:\MinGW\msys\1.0\bin;C:\Program Files (x86)\Yarn\bin\;C:\Program Files\nodejs\;C:\ProgramData\chocolatey\bin;C:\Program Files\Git\cmd;C:\Program Files\MySQL\MySQL Shell 8.0\bin\;C:\Users\Ghanshyam\AppData\Local\Microsoft\WindowsApps;C:\Users\Ghanshyam\AppData\Local\atom\bin;C:\Users\Ghanshyam\AppData\Local\Microsoft\WindowsApps;C:\src\flutter\bin;C:\Program Files\JetBrains\PyCharm Community Edition 2019.3\bin;;C:\Users\Ghanshyam\AppData\Local\Yarn\bin;C:\Users\Ghanshyam\AppData\Roaming\npm;C:\Users\Ghanshyam\AppData\Local\Programs\Microsoft VS Code\bin

Yarn version: 
  1.22.4

Node version: 
  12.16.3

Platform: 
  win32 x64

Trace: 
  Error: https://registry.yarnpkg.com/pugjs: Not found
      at Request.params.callback [as _callback] (C:\Program Files (x86)\Yarn\lib\cli.js:66096:18)
      at Request.self.callback (C:\Program Files (x86)\Yarn\lib\cli.js:140748:22)
      at Request.emit (events.js:310:20)
      at Request.<anonymous> (C:\Program Files (x86)\Yarn\lib\cli.js:141720:10)
      at Request.emit (events.js:310:20)
      at IncomingMessage.<anonymous> (C:\Program Files (x86)\Yarn\lib\cli.js:141642:12)
      at Object.onceWrapper (events.js:416:28)
      at IncomingMessage.emit (events.js:322:22)
      at endReadableNT (_stream_readable.js:1187:12)
      at processTicksAndRejections (internal/process/task_queues.js:84:21)

npm manifest: 
  {
    "name": "social_chat",
    "version": "1.0.0",
    "main": "server.js",
    "license": "MIT",
    "description": "Connecting friends",
    "repository": "https://github.com/github.com/vieee",
    "author": "Don",
    "private": true
    
  }

yarn manifest: 
  No manifest

Lockfile: 
  No lockfile
